[11:58:15] [ServerMain/INFO]: Environment: authHost='https://authserver.mojang.com', accountsHost='https://api.mojang.com', sessionHost='https://sessionserver.mojang.com', servicesHost='https://api.minecraftservices.com', name='PROD'
[11:58:17] [ServerMain/INFO]: Loaded 7 recipes
[11:58:17] [Server thread/INFO]: Starting minecraft server version 1.20.1
[11:58:17] [Server thread/INFO]: Loading properties
[11:58:17] [Server thread/INFO]: This server is running Paper version git-Paper-196 (MC: 1.20.1) (Implementing API version 1.20.1-R0.1-SNAPSHOT) (Git: 773dd72)
[11:58:18] [Server thread/INFO]: Server Ping Player Sample Count: 12
[11:58:18] [Server thread/INFO]: Using 4 threads for Netty based IO
[11:58:18] [Server thread/WARN]: [!] The timings profiler has been enabled but has been scheduled for removal from Paper in the future.
    We recommend installing the spark profiler as a replacement: https://spark.lucko.me/
    For more information please visit: https://github.com/PaperMC/Paper/issues/8948
[11:58:18] [Server thread/INFO]: [ChunkTaskScheduler] Chunk system is using 1 I/O threads, 1 worker threads, and gen parallelism of 1 threads
[11:58:18] [Server thread/INFO]: Default game type: SURVIVAL
[11:58:18] [Server thread/INFO]: Generating keypair
[11:58:19] [Server thread/INFO]: Starting Minecraft server on 0.0.0.0:25565
[11:58:19] [Server thread/INFO]: Using epoll channel type
[11:58:19] [Server thread/INFO]: Paper: Using libdeflate (Linux x86_64) compression from Velocity.
[11:58:19] [Server thread/INFO]: Paper: Using OpenSSL 1.1.x (Linux x86_64) cipher from Velocity.
[11:58:19] [Server thread/INFO]: [ViaVersion] Loading server plugin ViaVersion v4.10.2
[11:58:19] [Server thread/INFO]: [ViaVersion] ViaVersion 4.10.2 is now loaded. Registering protocol transformers and injecting...
[11:58:20] [Via-Mappingloader-0/INFO]: [ViaVersion] Loading block connection mappings ...
[11:58:20] [Via-Mappingloader-0/INFO]: [ViaVersion] Using FastUtil Long2ObjectOpenHashMap for block connections
[11:58:20] [Server thread/INFO]: [ViaBackwards] Loading translations...
[11:58:20] [Server thread/INFO]: [ViaBackwards] Registering protocols...
[11:58:21] [Server thread/INFO]: [ViaRewind] Registering protocols...
[11:58:21] [Server thread/INFO]: [LuckPerms] Loading server plugin LuckPerms v5.4.131
[11:58:21] [Server thread/INFO]: [Vault] Loading server plugin Vault v1.7.3-b131
[11:58:21] [Server thread/INFO]: [Multiverse-Core] Loading server plugin Multiverse-Core v4.3.12-SNAPSHOT
[11:58:21] [Server thread/INFO]: [PlaceholderAPI] Loading server plugin PlaceholderAPI v2.11.6
[11:58:21] [Server thread/INFO]: [ViaBackwards] Loading server plugin ViaBackwards v4.10.2
[11:58:21] [Server thread/INFO]: [DeluxeHub] Loading server plugin DeluxeHub v3.5.5
[11:58:21] [Server thread/INFO]: [ViaRewind] Loading server plugin ViaRewind v3.1.2
[11:58:21] [Server thread/INFO]: [Essentials] Loading server plugin Essentials v2.20.1
[11:58:21] [Server thread/INFO]: [WorldEdit] Loading server plugin WorldEdit v7.2.15+6463-5ca4dff
[11:58:22] [Server thread/INFO]: Got request to register class com.sk89q.worldedit.bukkit.BukkitServerInterface with WorldEdit [com.sk89q.worldedit.extension.platform.PlatformManager@44a58135]
[11:58:22] [Server thread/INFO]: [ServersNPC] Loading server plugin ServersNPC v4.7
[11:58:22] [Server thread/INFO]: [playit-gg] Loading server plugin playit-gg v0.1.4
[11:58:22] [Server thread/INFO]: [TAB] Loading server plugin TAB v4.1.6
[11:58:22] [Server thread/INFO]: [EconomyShopGUI] Loading server plugin EconomyShopGUI v6.7.1
[11:58:22] [Server thread/INFO]: [AdvancedPortals] Loading server plugin AdvancedPortals v0.9.3
[11:58:22] [Server thread/INFO]: [LoginSecurity] Loading server plugin LoginSecurity v3.3.0
[11:58:22] [Server thread/INFO]: [SkinsRestorer] Loading server plugin SkinsRestorer v15.0.15
[11:58:22] [Server thread/INFO]: Server permissions file permissions.yml is empty, ignoring it
[11:58:22] [Server thread/INFO]: [LuckPerms] Enabling LuckPerms v5.4.131
[11:58:22] [Server thread/INFO]:         __    
[11:58:22] [Server thread/INFO]:   |    |__)   LuckPerms v5.4.131
[11:58:22] [Server thread/INFO]:   |___ |      Running on Bukkit - Paper
[11:58:22] [Server thread/INFO]: 
[11:58:22] [Server thread/INFO]: [LuckPerms] Loading configuration...
[11:58:23] [Server thread/INFO]: [LuckPerms] Loading storage provider... [H2]
[11:58:23] [Server thread/INFO]: [LuckPerms] Loading internal permission managers...
[11:58:24] [Server thread/INFO]: [LuckPerms] Performing initial data load...
[11:58:24] [Server thread/INFO]: [LuckPerms] Successfully enabled. (took 2127ms)
[11:58:24] [Server thread/INFO]: [Vault] Enabling Vault v1.7.3-b131
[11:58:24] [Server thread/INFO]: [Vault] [Economy] Essentials Economy found: Waiting
[11:58:24] [Server thread/INFO]: [Vault] [Permission] SuperPermissions loaded as backup permission system.
[11:58:24] [Server thread/INFO]: [Vault] Enabled Version 1.7.3-b131
[11:58:24] [Server thread/INFO]: [LuckPerms] Registered Vault permission & chat hook.
[11:58:24] [Server thread/INFO]: [ViaRewind] Enabling ViaRewind v3.1.2
[11:58:24] [Server thread/INFO]: [WorldEdit] Enabling WorldEdit v7.2.15+6463-5ca4dff
[11:58:24] [Server thread/INFO]: Registering commands with com.sk89q.worldedit.bukkit.BukkitServerInterface
[11:58:24] [Server thread/INFO]: WEPIF: Vault detected! Using Vault for permissions
[11:58:24] [Server thread/INFO]: Using com.sk89q.worldedit.bukkit.adapter.impl.v1_20_R1.PaperweightAdapter as the Bukkit adapter
[11:58:26] [Server thread/INFO]: [SkinsRestorer] Enabling SkinsRestorer v15.0.15
[11:58:27] [Server thread/INFO]: [SkinsRestorer] Running on Minecraft 1.20.1.
[11:58:27] [Server thread/INFO]: [PlaceholderAPI] Successfully registered internal expansion: skinsrestorer [15.0.15]
[11:58:27] [Server thread/INFO]: [SkinsRestorer] PlaceholderAPI expansion registered!
[11:58:27] [Server thread/INFO]: [SkinsRestorer] Using paper join listener!
[11:58:27] [Server thread/WARN]: **** SERVER IS RUNNING IN OFFLINE/INSECURE MODE!
[11:58:27] [Server thread/WARN]: The server will make no attempt to authenticate usernames. Beware.
[11:58:27] [Server thread/WARN]: While this makes the game possible to play without internet access, it also opens up the ability for hackers to connect with any username they choose.
[11:58:27] [Server thread/WARN]: To change this, set "online-mode" to "true" in the server.properties file.
[11:58:27] [Server thread/INFO]: Preparing level "world"
[11:58:27] [Folia Async Scheduler Thread #1/INFO]: [SkinsRestorer] ----------------------------------------------
[11:58:27] [Folia Async Scheduler Thread #1/INFO]: [SkinsRestorer]     +==================+
[11:58:27] [Folia Async Scheduler Thread #1/INFO]: [SkinsRestorer]     |   SkinsRestorer  |
[11:58:27] [Folia Async Scheduler Thread #1/INFO]: [SkinsRestorer]     |------------------|
[11:58:27] [Folia Async Scheduler Thread #1/INFO]: [SkinsRestorer]     |  Standalone Mode |
[11:58:27] [Folia Async Scheduler Thread #1/INFO]: [SkinsRestorer]     +==================+
[11:58:27] [Folia Async Scheduler Thread #1/INFO]: [SkinsRestorer] ----------------------------------------------
[11:58:27] [Folia Async Scheduler Thread #1/INFO]: [SkinsRestorer]     Version: 15.0.15
[11:58:27] [Folia Async Scheduler Thread #1/INFO]: [SkinsRestorer]     Commit: fcfa8b9
[11:58:27] [Folia Async Scheduler Thread #1/INFO]: [SkinsRestorer]     This is the latest version!
[11:58:27] [Folia Async Scheduler Thread #1/INFO]: [SkinsRestorer] ----------------------------------------------
[11:58:28] [Server thread/INFO]: Preparing start region for dimension minecraft:overworld
[11:58:28] [Server thread/INFO]: Time elapsed: 322 ms
[11:58:28] [Server thread/INFO]: Preparing start region for dimension minecraft:the_nether
[11:58:28] [Server thread/INFO]: Time elapsed: 67 ms
[11:58:28] [Server thread/INFO]: Preparing start region for dimension minecraft:the_end
[11:58:28] [Server thread/INFO]: Time elapsed: 44 ms
[11:58:28] [Server thread/INFO]: [ViaVersion] Enabling ViaVersion v4.10.2
[11:58:28] [Server thread/INFO]: [ViaVersion] ViaVersion detected server version: 1.20-1.20.1 (763)
[11:58:28] [Server thread/INFO]: [Multiverse-Core] Enabling Multiverse-Core v4.3.12-SNAPSHOT
[11:58:28] [Server thread/WARN]: [Multiverse-Core] "Multiverse-Core v4.3.12-SNAPSHOT" has registered a listener for org.bukkit.event.entity.EntityCreatePortalEvent on method "public void com.onarandombox.MultiverseCore.listeners.MVPortalListener.entityPortalCreate(org.bukkit.event.entity.EntityCreatePortalEvent)", but the event is Deprecated. "Server performance will be affected"; please notify the authors [dumptruckman, Rigby, fernferret, lithium3141, main--].
[11:58:28] [Server thread/INFO]: [Multiverse-Core] §aWe are aware of the warning about the deprecated event. There is no alternative that allows us to do what we need to do and performance impact is negligible. It is safe to ignore.
[11:58:29] [Server thread/WARN]: [Multiverse-Core] WorldManager: Can't load this world because the folder was deleted/moved: Amaze
[11:58:29] [Server thread/WARN]: [Multiverse-Core] Use '/mv remove' to remove it from the config!
[11:58:29] [Folia Async Scheduler Thread Timer/ERROR]: [SkinsRestorer] Outdated ViaBackwards found! Please update to at least ViaBackwards 5.0.0 for SkinsRestorer to work again!
[11:58:29] [Server thread/INFO]: Preparing start region for dimension minecraft:spon
[11:58:29] [Server thread/INFO]: Time elapsed: 117 ms
[11:58:29] [Server thread/WARN]: [Multiverse-Core] WorldManager: Can't load this world because the folder was deleted/moved: spon_the_end
[11:58:29] [Server thread/WARN]: [Multiverse-Core] Use '/mv remove' to remove it from the config!
[11:58:29] [Server thread/WARN]: [Multiverse-Core] WorldManager: Can't load this world because the folder was deleted/moved: spon_nether
[11:58:29] [Server thread/WARN]: [Multiverse-Core] Use '/mv remove' to remove it from the config!
[11:58:29] [Server thread/WARN]: [Multiverse-Core] WorldManager: Can't load this world because the folder was deleted/moved: OneBlock
[11:58:29] [Server thread/WARN]: [Multiverse-Core] Use '/mv remove' to remove it from the config!
[11:58:29] [Server thread/INFO]: [Multiverse-Core] 4 - World(s) loaded.
[11:58:29] [Server thread/WARN]: [Multiverse-Core] Buscript failed to load! The script command will be disabled! If you would like not to see this message, use `/mv conf enablebuscript false` to disable Buscript from loading.
[11:58:29] [Server thread/INFO]: [Multiverse-Core] Version 4.3.12-SNAPSHOT (API v24) Enabled - By dumptruckman, Rigby, fernferret, lithium3141 and main--
[11:58:29] [Server thread/INFO]: [PlaceholderAPI] Enabling PlaceholderAPI v2.11.6
[11:58:29] [Server thread/INFO]: [PlaceholderAPI] Fetching available expansion information...
[11:58:29] [Server thread/INFO]: [ViaBackwards] Enabling ViaBackwards v4.10.2
[11:58:29] [Server thread/INFO]: [DeluxeHub] Enabling DeluxeHub v3.5.5
[11:58:29] [Server thread/INFO]: [DeluxeHub]  _   _            _          _    _ 
[11:58:29] [Server thread/INFO]: [DeluxeHub] | \ |_ |  | | \/ |_ |_| | | |_)   _)
[11:58:29] [Server thread/INFO]: [DeluxeHub] |_/ |_ |_ |_| /\ |_ | | |_| |_)   _)
[11:58:29] [Server thread/INFO]: [DeluxeHub] 
[11:58:29] [Server thread/INFO]: [DeluxeHub] Version: 3.5.5
[11:58:29] [Server thread/INFO]: [DeluxeHub] Author: ItsLewizzz
[11:58:29] [Server thread/INFO]: [DeluxeHub] 
[11:58:29] [Server thread/INFO]: [DeluxeHub]  Hooked into PlaceholderAPI
[11:58:29] [Server thread/INFO]: [DeluxeHub] Loaded custom menu 'serverselector'.
[11:58:30] [Server thread/INFO]: [DeluxeHub] Loaded 13 plugin modules.
[11:58:30] [Server thread/INFO]: [DeluxeHub] 
[11:58:30] [Server thread/INFO]: [DeluxeHub] Successfully loaded in 396ms
[11:58:30] [Server thread/INFO]: [Essentials] Enabling Essentials v2.20.1
[11:58:30] [Server thread/INFO]: [Essentials] Attempting to convert old kits in config.yml to new kits.yml
[11:58:30] [Server thread/INFO]: [Essentials] No kits found to migrate.
[11:58:30] [Server thread/INFO]: [Essentials] Loaded 39094 items from items.json.
[11:58:30] [Server thread/INFO]: [Essentials] Using locale en
[11:58:31] [Server thread/INFO]: [Essentials] ServerListPingEvent: Spigot iterator API
[11:58:31] [Server thread/INFO]: [Essentials] Starting Metrics. Opt-out using the global bStats config.
[11:58:31] [Server thread/INFO]: [Vault] [Economy] Essentials Economy hooked.
[11:58:31] [Server thread/INFO]: [Essentials] Using Vault based permissions (LuckPerms)
[11:58:31] [Server thread/INFO]: [ServersNPC] Enabling ServersNPC v4.7
[11:58:31] [Server thread/INFO]: [playit-gg] Enabling playit-gg v0.1.4
[11:58:32] [Server thread/INFO]: [TAB] Enabling TAB v4.1.6
[11:58:32] [Thread-15/INFO]: [gg.playit.minecraft.PlayitKeysSetup] secret key found, checking
[11:58:32] [Thread-15/INFO]: [gg.playit.minecraft.PlayitKeysSetup] check secret
[11:58:32] [Server thread/INFO]: [TAB] Loaded NMS hook in 299ms
[11:58:32] [Server thread/INFO]: [TAB] Enabled in 281ms
[11:58:32] [Server thread/INFO]: [EconomyShopGUI] Enabling EconomyShopGUI v6.7.1
[11:58:32] [Server thread/INFO]: [EconomyShopGUI] [INFO]: Using lang-en.yml as language file.
[11:58:32] [Server thread/INFO]: [EconomyShopGUI] [INFO]: Completed loading 16 section configs from /sections/
[11:58:33] [Server thread/INFO]: [EconomyShopGUI] [INFO]: Completed loading 16 shop configs from /shops/
[11:58:33] [Server thread/INFO]: [EconomyShopGUI] [INFO]: Updating Shop settings...
[11:58:33] [Server thread/INFO]: [EconomyShopGUI] [INFO]: Successfully hooked into Vault
[11:58:33] [Server thread/INFO]: [EconomyShopGUI] [INFO]: Completed loading 1 economy provider(s) for all 14 shop sections.
[11:58:33] [Server thread/INFO]: [EconomyShopGUI] [INFO]: Using minecraft version 1.20.1...
[11:58:33] [Server thread/INFO]: [EconomyShopGUI] [INFO]: Spawner provider set to AUTO in config
[11:58:33] [Server thread/INFO]: [EconomyShopGUI] [INFO]: Automatically searching for compatible spawner provider....
[11:58:33] [Server thread/INFO]: [EconomyShopGUI] [INFO]: Failed to automatically find compatible spawner provider, using default...
[11:58:33] [Server thread/INFO]: [EconomyShopGUI] [INFO]: Debug mode is enabled.
[11:58:33] [Server thread/INFO]: [EconomyShopGUI] [INFO]: Loading all items...
[11:58:33] [Thread-15/INFO]: [gg.playit.minecraft.PlayitKeysSetup] found minecraft java tunnel: digital-thongs.joinmc.link
[11:58:33] [Thread-15/INFO]: [gg.playit.minecraft.PlayitManager] keys and tunnel setup
[11:58:33] [Server thread/INFO]: [EconomyShopGUI] [INFO]: Initialized - Took 956ms to complete
[11:58:33] [Server thread/INFO]: [AdvancedPortals] Enabling AdvancedPortals v0.9.3
[11:58:33] [Server thread/INFO]: [AdvancedPortals] BLOCK_PORTAL_TRAVEL found
[11:58:33] [Thread-15/WARN]: [gg.playit.control.ChannelSetup] Got IO error working with :control.playit.gg/2602:fbaf:840:0:0:0:0:1, error : java.net.SocketException: Network is unreachable
[11:58:33] [Server thread/WARN]: [AdvancedPortals] Proxy features disabled for Advanced Portals as bungee isn't enabled on the server (spigot.yml).If you are using Paper proxies.velocity.enabled (config/paper-global.yml) or settings.velocity-support.enabled (paper.yml) may not be enabled 
[11:58:33] [Server thread/INFO]: Advanced portals have been successfully enabled!
[11:58:33] [Server thread/INFO]: [LoginSecurity] Enabling LoginSecurity v3.3.0
[11:58:33] [Server thread/INFO]: [LoginSecurity] Loading base translations from "en_us"
[11:58:33] [Server thread/INFO]: [LoginSecurity] Loading specified translations from "en_us"
[11:58:34] [Server thread/INFO]: [LoginSecurity] Registering commands...
[11:58:34] [Server thread/INFO]: [LoginSecurity] Registering listeners...
[11:58:34] [Thread-15/INFO]: [gg.playit.control.ChannelSetup] request queued, waiting 1 second before resend
[11:58:34] [Server thread/INFO]: [LoginSecurity] Using 1.12+ map captcha renderer
[11:58:34] [Server thread/INFO]: [PlaceholderAPI] Placeholder expansion registration initializing...
[11:58:34] [Server thread/INFO]: Running delayed init tasks
[11:58:34] [Craft Scheduler Thread - 2 - ViaVersion/INFO]: [ViaVersion] Finished mapping loading, shutting down loader executor!
[11:58:34] [Server thread/INFO]: [Essentials] Essentials found a compatible payment resolution method: Vault Compatibility Layer (v1.7.3-b131)!
[11:58:34] [Craft Scheduler Thread - 0 - Essentials/INFO]: [Essentials] Fetching version information...
[11:58:34] [Server thread/INFO]: Done (16.861s)! For help, type "help"
[11:58:34] [Server thread/INFO]: Timings Reset
[11:58:34] [Craft Scheduler Thread - 6 - Vault/INFO]: [Vault] Checking for Updates ... 
[11:58:34] [Server thread/INFO]: [PlaceholderAPI] Successfully registered external expansion: statistic [2.0.1]
[11:58:34] [Server thread/WARN]: [PlaceholderAPI] Cannot load expansion playertime due to a missing plugin: PlayerTime
[11:58:34] [Server thread/INFO]: [PlaceholderAPI] Successfully registered external expansion: ViaVersion [2.0.0]
[11:58:34] [Server thread/WARN]: [PlaceholderAPI] Cannot load expansion voteroulette due to a missing plugin: VoteRoulette
[11:58:34] [Server thread/INFO]: [PlaceholderAPI] Successfully registered external expansion: vault [1.8.3]
[11:58:34] [Server thread/INFO]: 3 placeholder hook(s) registered!
[11:58:34] [Server thread/WARN]: [ViaVersion] There is a newer plugin version available: 5.0.1, you're on: 4.10.2
[11:58:34] [Craft Scheduler Thread - 6 - Vault/INFO]: [Vault] No new version available
[11:58:34] [Craft Scheduler Thread - 2 - EconomyShopGUI/INFO]: [EconomyShopGUI] [INFO]: There is an update available for EconomyShopGUI, you are running 6.7.1 but found 6.7.5.
[11:58:34] [Craft Scheduler Thread - 2 - EconomyShopGUI/INFO]: [EconomyShopGUI] [INFO]: Download at: https://www.spigotmc.org/resources/economyshopgui.69927/
[11:58:35] [Thread-15/INFO]: [gg.playit.control.ChannelSetup] request queued, waiting 1 second before resend
